[2023-08-25 13:20:18Z INFO HostContext] No proxy settings were found based on environmental variables (http_proxy/https_proxy/HTTP_PROXY/HTTPS_PROXY)
[2023-08-25 13:20:18Z INFO HostContext] Well known directory 'Bin': 'C:\Users\bessa-admin\webgoat\actions-runner\bin'
[2023-08-25 13:20:18Z INFO HostContext] Well known directory 'Root': 'C:\Users\bessa-admin\webgoat\actions-runner'
[2023-08-25 13:20:18Z INFO HostContext] Well known config file 'Credentials': 'C:\Users\bessa-admin\webgoat\actions-runner\.credentials'
[2023-08-25 13:20:20Z INFO HostContext] Well known directory 'Bin': 'C:\Users\bessa-admin\webgoat\actions-runner\bin'
[2023-08-25 13:20:20Z INFO HostContext] Well known directory 'Root': 'C:\Users\bessa-admin\webgoat\actions-runner'
[2023-08-25 13:20:20Z INFO HostContext] Well known config file 'Runner': 'C:\Users\bessa-admin\webgoat\actions-runner\.runner'
[2023-08-25 13:20:20Z INFO Listener] Runner is built for Windows (X64) - win-x64.
[2023-08-25 13:20:20Z INFO Listener] RuntimeInformation: Microsoft Windows 10.0.20348.
[2023-08-25 13:20:20Z INFO Listener] Version: 2.308.0
[2023-08-25 13:20:20Z INFO Listener] Commit: 7f7ff150c6d2ee316c523be6325188853dfae45d
[2023-08-25 13:20:20Z INFO Listener] Culture: en-US
[2023-08-25 13:20:20Z INFO Listener] UI Culture: en-US
[2023-08-25 13:20:20Z INFO HostContext] Well known directory 'Bin': 'C:\Users\bessa-admin\webgoat\actions-runner\bin'
[2023-08-25 13:20:20Z INFO HostContext] Well known directory 'Root': 'C:\Users\bessa-admin\webgoat\actions-runner'
[2023-08-25 13:20:20Z INFO Listener] Validating directory permissions for: 'C:\Users\bessa-admin\webgoat\actions-runner'
[2023-08-25 13:20:20Z INFO CommandLineParser] Parse
[2023-08-25 13:20:20Z INFO CommandLineParser] Parsing 1 args
[2023-08-25 13:20:20Z INFO CommandLineParser] parsing argument
[2023-08-25 13:20:20Z INFO CommandLineParser] HasArgs: False
[2023-08-25 13:20:20Z INFO CommandLineParser] Adding Command: run
[2023-08-25 13:20:20Z INFO Listener] Arguments parsed
[2023-08-25 13:20:20Z INFO Runner] ExecuteCommand
[2023-08-25 13:20:20Z INFO ConfigurationStore] currentAssemblyLocation: C:\Users\bessa-admin\webgoat\actions-runner\bin\Runner.Listener.dll
[2023-08-25 13:20:20Z INFO HostContext] Well known directory 'Bin': 'C:\Users\bessa-admin\webgoat\actions-runner\bin'
[2023-08-25 13:20:20Z INFO ConfigurationStore] binPath: C:\Users\bessa-admin\webgoat\actions-runner\bin
[2023-08-25 13:20:20Z INFO HostContext] Well known directory 'Bin': 'C:\Users\bessa-admin\webgoat\actions-runner\bin'
[2023-08-25 13:20:20Z INFO HostContext] Well known directory 'Root': 'C:\Users\bessa-admin\webgoat\actions-runner'
[2023-08-25 13:20:20Z INFO ConfigurationStore] RootFolder: C:\Users\bessa-admin\webgoat\actions-runner
[2023-08-25 13:20:20Z INFO HostContext] Well known directory 'Bin': 'C:\Users\bessa-admin\webgoat\actions-runner\bin'
[2023-08-25 13:20:20Z INFO HostContext] Well known directory 'Root': 'C:\Users\bessa-admin\webgoat\actions-runner'
[2023-08-25 13:20:20Z INFO HostContext] Well known config file 'Runner': 'C:\Users\bessa-admin\webgoat\actions-runner\.runner'
[2023-08-25 13:20:20Z INFO ConfigurationStore] ConfigFilePath: C:\Users\bessa-admin\webgoat\actions-runner\.runner
[2023-08-25 13:20:20Z INFO HostContext] Well known directory 'Bin': 'C:\Users\bessa-admin\webgoat\actions-runner\bin'
[2023-08-25 13:20:20Z INFO HostContext] Well known directory 'Root': 'C:\Users\bessa-admin\webgoat\actions-runner'
[2023-08-25 13:20:20Z INFO HostContext] Well known config file 'Credentials': 'C:\Users\bessa-admin\webgoat\actions-runner\.credentials'
[2023-08-25 13:20:20Z INFO ConfigurationStore] CredFilePath: C:\Users\bessa-admin\webgoat\actions-runner\.credentials
[2023-08-25 13:20:20Z INFO HostContext] Well known directory 'Bin': 'C:\Users\bessa-admin\webgoat\actions-runner\bin'
[2023-08-25 13:20:20Z INFO HostContext] Well known directory 'Root': 'C:\Users\bessa-admin\webgoat\actions-runner'
[2023-08-25 13:20:20Z INFO HostContext] Well known config file 'MigratedCredentials': 'C:\Users\bessa-admin\webgoat\actions-runner\.credentials_migrated'
[2023-08-25 13:20:20Z INFO ConfigurationStore] MigratedCredFilePath: C:\Users\bessa-admin\webgoat\actions-runner\.credentials_migrated
[2023-08-25 13:20:20Z INFO HostContext] Well known directory 'Bin': 'C:\Users\bessa-admin\webgoat\actions-runner\bin'
[2023-08-25 13:20:20Z INFO HostContext] Well known directory 'Root': 'C:\Users\bessa-admin\webgoat\actions-runner'
[2023-08-25 13:20:20Z INFO HostContext] Well known config file 'Service': 'C:\Users\bessa-admin\webgoat\actions-runner\.service'
[2023-08-25 13:20:20Z INFO ConfigurationStore] ServiceConfigFilePath: C:\Users\bessa-admin\webgoat\actions-runner\.service
[2023-08-25 13:20:20Z INFO CommandSettings] Flag 'help': 'False'
[2023-08-25 13:20:20Z INFO CommandSettings] Flag 'version': 'False'
[2023-08-25 13:20:20Z INFO CommandSettings] Flag 'commit': 'False'
[2023-08-25 13:20:20Z INFO CommandSettings] Flag 'check': 'False'
[2023-08-25 13:20:20Z INFO CommandSettings] Command 'configure': 'False'
[2023-08-25 13:20:20Z INFO CommandSettings] Command 'remove': 'False'
[2023-08-25 13:20:20Z INFO CommandSettings] Command 'warmup': 'False'
[2023-08-25 13:20:20Z INFO ConfigurationManager] LoadSettings
[2023-08-25 13:20:20Z INFO ConfigurationStore] IsConfigured()
[2023-08-25 13:20:20Z INFO ConfigurationStore] IsConfigured: True
[2023-08-25 13:20:20Z INFO ConfigurationManager] Is configured: True
[2023-08-25 13:20:20Z INFO ConfigurationStore] Read setting file: 295 chars
[2023-08-25 13:20:20Z INFO ConfigurationManager] Settings Loaded
[2023-08-25 13:20:20Z INFO ConfigurationStore] IsServiceConfigured()
[2023-08-25 13:20:20Z INFO ConfigurationStore] IsServiceConfigured: False
[2023-08-25 13:20:20Z INFO CommandSettings] Command 'run': 'True'
[2023-08-25 13:20:20Z INFO ConfigurationStore] IsConfigured()
[2023-08-25 13:20:20Z INFO ConfigurationStore] IsConfigured: True
[2023-08-25 13:20:20Z INFO ConfigurationManager] Is configured: True
[2023-08-25 13:20:20Z INFO Runner] Could not parse the argument value '' for StartupType. Defaulting to Manual
[2023-08-25 13:20:20Z INFO Runner] Set runner startup type - Manual
[2023-08-25 13:20:20Z INFO CommandSettings] Flag 'once': 'False'
[2023-08-25 13:20:20Z INFO CommandSettings] Flag 'once': 'False'
[2023-08-25 13:20:20Z INFO Runner] RunAsync
[2023-08-25 13:20:20Z INFO ConfigurationManager] LoadSettings
[2023-08-25 13:20:20Z INFO ConfigurationStore] IsConfigured()
[2023-08-25 13:20:20Z INFO ConfigurationStore] IsConfigured: True
[2023-08-25 13:20:20Z INFO ConfigurationManager] Is configured: True
[2023-08-25 13:20:20Z INFO ConfigurationManager] Settings Loaded
[2023-08-25 13:20:20Z INFO MessageListener] {
  "AgentId": 2,
  "AgentName": "vm-syhunt-bessa",
  "PoolId": 1,
  "PoolName": "Default",
  "ServerUrl": "https://pipelines.actions.githubusercontent.com/paYqckvBQGAJvCfMCcLuRIqjqtSQduc9xaAViq7KxbBqvimm2S/",
  "GitHubUrl": "https://github.com/Cab3ca/webgoat",
  "WorkFolder": "_work"
}
[2023-08-25 13:20:20Z INFO MessageListener] Loading Credentials
[2023-08-25 13:20:20Z INFO ConfigurationStore] HasCredentials()
[2023-08-25 13:20:20Z INFO ConfigurationStore] stored True
[2023-08-25 13:20:20Z INFO CredentialManager] GetCredentialProvider
[2023-08-25 13:20:20Z INFO CredentialManager] Creating type OAuth
[2023-08-25 13:20:20Z INFO CredentialManager] Creating credential type: OAuth
[2023-08-25 13:20:20Z INFO HostContext] Well known directory 'Bin': 'C:\Users\bessa-admin\webgoat\actions-runner\bin'
[2023-08-25 13:20:20Z INFO HostContext] Well known directory 'Root': 'C:\Users\bessa-admin\webgoat\actions-runner'
[2023-08-25 13:20:20Z INFO HostContext] Well known config file 'RSACredentials': 'C:\Users\bessa-admin\webgoat\actions-runner\.credentials_rsaparams'
[2023-08-25 13:20:20Z INFO RSAEncryptedFileKeyManager] Loading RSA key parameters from file C:\Users\bessa-admin\webgoat\actions-runner\.credentials_rsaparams
[2023-08-25 13:20:20Z INFO MessageListener] Attempt to create session.
[2023-08-25 13:20:20Z INFO MessageListener] Connecting to the Runner Server...
[2023-08-25 13:20:20Z INFO RunnerServer] EstablishVssConnection
[2023-08-25 13:20:20Z INFO RunnerServer] Establish connection with 100 seconds timeout.
[2023-08-25 13:20:21Z INFO GitHubActionsService] Starting operation Location.GetConnectionData
[2023-08-25 13:20:21Z INFO RunnerServer] EstablishVssConnection
[2023-08-25 13:20:21Z INFO RunnerServer] Establish connection with 60 seconds timeout.
[2023-08-25 13:20:21Z INFO GitHubActionsService] Starting operation Location.GetConnectionData
[2023-08-25 13:20:21Z INFO RunnerServer] EstablishVssConnection
[2023-08-25 13:20:21Z INFO RunnerServer] Establish connection with 60 seconds timeout.
[2023-08-25 13:20:21Z INFO GitHubActionsService] Starting operation Location.GetConnectionData
[2023-08-25 13:20:21Z INFO GitHubActionsService] Finished operation Location.GetConnectionData
[2023-08-25 13:20:21Z INFO GitHubActionsService] Finished operation Location.GetConnectionData
[2023-08-25 13:20:22Z INFO GitHubActionsService] Finished operation Location.GetConnectionData
[2023-08-25 13:20:22Z INFO MessageListener] VssConnection created
[2023-08-25 13:20:22Z INFO Terminal] WRITE LINE: 
[2023-08-25 13:20:22Z INFO Terminal] WRITE LINE: 
[2023-08-25 13:20:22Z INFO RSAEncryptedFileKeyManager] Loading RSA key parameters from file C:\Users\bessa-admin\webgoat\actions-runner\.credentials_rsaparams
[2023-08-25 13:20:22Z INFO RSAEncryptedFileKeyManager] Loading RSA key parameters from file C:\Users\bessa-admin\webgoat\actions-runner\.credentials_rsaparams
[2023-08-25 13:20:22Z INFO GitHubActionsService] AAD Correlation ID for this token request: Unknown
[2023-08-25 13:20:22Z INFO MessageListener] Session created.
[2023-08-25 13:20:22Z INFO Terminal] WRITE LINE: Current runner version: '2.308.0'
[2023-08-25 13:20:22Z INFO Terminal] WRITE LINE: 2023-08-25 13:20:22Z: Listening for Jobs
[2023-08-25 13:20:22Z INFO JobDispatcher] Set runner/worker IPC timeout to 30 seconds.
[2023-08-25 13:20:25Z INFO RSAEncryptedFileKeyManager] Loading RSA key parameters from file C:\Users\bessa-admin\webgoat\actions-runner\.credentials_rsaparams
[2023-08-25 13:20:25Z INFO MessageListener] Message '2' received from session '74661eb3-742c-4230-b466-96c0a1a0ba7a'.
[2023-08-25 13:20:25Z INFO Runner] Received job message of length 21698 from service, with hash '828feeff5722c46327321b6979f0b85fd9aae42f8221fc16f996a9b71ecaf9fe'
[2023-08-25 13:20:25Z INFO JobDispatcher] Job request 2 for plan 85d23632-a9fe-405a-90a0-ef595a2a5ad2 job ca395085-040a-526b-2ce8-bdc85f692774 received.
[2023-08-25 13:20:25Z INFO JobDispatcher] Pull OrchestrationId 85d23632-a9fe-405a-90a0-ef595a2a5ad2.build.__default from JWT claims
[2023-08-25 13:20:25Z INFO Terminal] WRITE LINE: 2023-08-25 13:20:25Z: Running job: build
[2023-08-25 13:20:25Z INFO JobDispatcher] Start renew job request 2 for job ca395085-040a-526b-2ce8-bdc85f692774.
[2023-08-25 13:20:25Z INFO JobDispatcher] Successfully renew job request 2, job is valid till 8/25/2023 1:30:25 PM
[2023-08-25 13:20:25Z INFO HostContext] Well known directory 'Bin': 'C:\Users\bessa-admin\webgoat\actions-runner\bin'
[2023-08-25 13:20:25Z INFO ProcessInvokerWrapper] Starting process:
[2023-08-25 13:20:25Z INFO ProcessInvokerWrapper]   File name: 'C:\Users\bessa-admin\webgoat\actions-runner\bin\Runner.Worker.exe'
[2023-08-25 13:20:25Z INFO ProcessInvokerWrapper]   Arguments: 'spawnclient 2064 2076'
[2023-08-25 13:20:25Z INFO ProcessInvokerWrapper]   Working directory: 'C:\Users\bessa-admin\webgoat\actions-runner\bin'
[2023-08-25 13:20:25Z INFO ProcessInvokerWrapper]   Require exit code zero: 'False'
[2023-08-25 13:20:25Z INFO ProcessInvokerWrapper]   Encoding web name:  ; code page: ''
[2023-08-25 13:20:25Z INFO ProcessInvokerWrapper]   Force kill process on cancellation: 'True'
[2023-08-25 13:20:25Z INFO ProcessInvokerWrapper]   Redirected STDIN: 'False'
[2023-08-25 13:20:25Z INFO ProcessInvokerWrapper]   Persist current code page: 'False'
[2023-08-25 13:20:25Z INFO ProcessInvokerWrapper]   Keep redirected STDIN open: 'False'
[2023-08-25 13:20:25Z INFO ProcessInvokerWrapper]   High priority process: 'True'
[2023-08-25 13:20:26Z INFO ProcessInvokerWrapper] Process started with process id 7980, waiting for process exit.
[2023-08-25 13:20:26Z INFO JobDispatcher] Send job request message to worker for job ca395085-040a-526b-2ce8-bdc85f692774.
[2023-08-25 13:20:26Z INFO ProcessChannel] Sending message of length 21698, with hash '828feeff5722c46327321b6979f0b85fd9aae42f8221fc16f996a9b71ecaf9fe'
[2023-08-25 13:20:26Z INFO JobNotification] Entering JobStarted Notification
[2023-08-25 13:20:26Z INFO JobNotification] Entering StartMonitor
[2023-08-25 13:21:26Z INFO JobDispatcher] Successfully renew job request 2, job is valid till 8/25/2023 1:31:26 PM
[2023-08-25 13:22:26Z INFO JobDispatcher] Successfully renew job request 2, job is valid till 8/25/2023 1:32:26 PM
[2023-08-25 13:23:26Z INFO JobDispatcher] Successfully renew job request 2, job is valid till 8/25/2023 1:33:26 PM
[2023-08-25 13:24:26Z INFO JobDispatcher] Successfully renew job request 2, job is valid till 8/25/2023 1:34:26 PM
[2023-08-25 13:25:26Z INFO JobDispatcher] Successfully renew job request 2, job is valid till 8/25/2023 1:35:26 PM
[2023-08-25 13:26:26Z INFO JobDispatcher] Successfully renew job request 2, job is valid till 8/25/2023 1:36:26 PM
[2023-08-25 13:27:26Z INFO JobDispatcher] Successfully renew job request 2, job is valid till 8/25/2023 1:37:26 PM
[2023-08-25 13:28:26Z INFO JobDispatcher] Successfully renew job request 2, job is valid till 8/25/2023 1:38:26 PM
[2023-08-25 13:29:26Z INFO JobDispatcher] Successfully renew job request 2, job is valid till 8/25/2023 1:39:26 PM
[2023-08-25 13:30:26Z INFO JobDispatcher] Successfully renew job request 2, job is valid till 8/25/2023 1:40:26 PM
[2023-08-25 13:31:26Z INFO JobDispatcher] Successfully renew job request 2, job is valid till 8/25/2023 1:41:26 PM
[2023-08-25 13:32:00Z INFO ProcessInvokerWrapper] STDOUT/STDERR stream read finished.
[2023-08-25 13:32:00Z INFO ProcessInvokerWrapper] STDOUT/STDERR stream read finished.
[2023-08-25 13:32:00Z INFO ProcessInvokerWrapper] Finished process 7980 with exit code 102, and elapsed time 00:11:34.8554318.
[2023-08-25 13:32:00Z INFO JobDispatcher] Worker finished for job ca395085-040a-526b-2ce8-bdc85f692774. Code: 102
[2023-08-25 13:32:00Z INFO JobDispatcher] finish job request for job ca395085-040a-526b-2ce8-bdc85f692774 with result: Failed
[2023-08-25 13:32:00Z INFO Terminal] WRITE LINE: 2023-08-25 13:32:00Z: Job build completed with result: Failed
[2023-08-25 13:32:00Z INFO JobDispatcher] Stop renew job request for job ca395085-040a-526b-2ce8-bdc85f692774.
[2023-08-25 13:32:00Z INFO JobDispatcher] job renew has been cancelled, stop renew job request 2.
[2023-08-25 13:32:00Z INFO JobNotification] Entering JobCompleted Notification
[2023-08-25 13:32:00Z INFO JobNotification] Entering EndMonitor
[2023-08-25 13:50:27Z INFO MessageListener] No message retrieved from session '74661eb3-742c-4230-b466-96c0a1a0ba7a' within last 30 minutes.
[2023-08-25 13:51:14Z INFO RSAEncryptedFileKeyManager] Loading RSA key parameters from file C:\Users\bessa-admin\webgoat\actions-runner\.credentials_rsaparams
[2023-08-25 13:51:14Z INFO MessageListener] Message '3' received from session '74661eb3-742c-4230-b466-96c0a1a0ba7a'.
[2023-08-25 13:51:14Z INFO Runner] Received job message of length 21754 from service, with hash '6767564f036f2c4dcd340271329c8ffabacc5cead4e7ba9ffe8f5e3000447212'
[2023-08-25 13:51:14Z INFO JobDispatcher] Job request 3 for plan c4b56175-13bf-4205-9272-845262c44d22 job ca395085-040a-526b-2ce8-bdc85f692774 received.
[2023-08-25 13:51:14Z INFO JobDispatcher] Pull OrchestrationId c4b56175-13bf-4205-9272-845262c44d22.build.__default from JWT claims
[2023-08-25 13:51:14Z INFO JobDispatcher] Job request ca395085-040a-526b-2ce8-bdc85f692774 processed succeed.
[2023-08-25 13:51:14Z INFO Terminal] WRITE LINE: 2023-08-25 13:51:14Z: Running job: build
[2023-08-25 13:51:14Z INFO JobDispatcher] Start renew job request 3 for job ca395085-040a-526b-2ce8-bdc85f692774.
[2023-08-25 13:51:14Z INFO JobDispatcher] Successfully renew job request 3, job is valid till 8/25/2023 2:01:14 PM
[2023-08-25 13:51:14Z INFO HostContext] Well known directory 'Bin': 'C:\Users\bessa-admin\webgoat\actions-runner\bin'
[2023-08-25 13:51:14Z INFO ProcessInvokerWrapper] Starting process:
[2023-08-25 13:51:14Z INFO ProcessInvokerWrapper]   File name: 'C:\Users\bessa-admin\webgoat\actions-runner\bin\Runner.Worker.exe'
[2023-08-25 13:51:14Z INFO ProcessInvokerWrapper]   Arguments: 'spawnclient 2596 2608'
[2023-08-25 13:51:14Z INFO ProcessInvokerWrapper]   Working directory: 'C:\Users\bessa-admin\webgoat\actions-runner\bin'
[2023-08-25 13:51:14Z INFO ProcessInvokerWrapper]   Require exit code zero: 'False'
[2023-08-25 13:51:14Z INFO ProcessInvokerWrapper]   Encoding web name:  ; code page: ''
[2023-08-25 13:51:14Z INFO ProcessInvokerWrapper]   Force kill process on cancellation: 'True'
[2023-08-25 13:51:14Z INFO ProcessInvokerWrapper]   Redirected STDIN: 'False'
[2023-08-25 13:51:14Z INFO ProcessInvokerWrapper]   Persist current code page: 'False'
[2023-08-25 13:51:14Z INFO ProcessInvokerWrapper]   Keep redirected STDIN open: 'False'
[2023-08-25 13:51:14Z INFO ProcessInvokerWrapper]   High priority process: 'True'
[2023-08-25 13:51:14Z INFO ProcessInvokerWrapper] Process started with process id 7612, waiting for process exit.
[2023-08-25 13:51:14Z INFO JobDispatcher] Send job request message to worker for job ca395085-040a-526b-2ce8-bdc85f692774.
[2023-08-25 13:51:14Z INFO ProcessChannel] Sending message of length 21754, with hash '6767564f036f2c4dcd340271329c8ffabacc5cead4e7ba9ffe8f5e3000447212'
[2023-08-25 13:51:15Z INFO JobNotification] Entering JobStarted Notification
[2023-08-25 13:51:15Z INFO JobNotification] Entering StartMonitor
[2023-08-25 13:52:14Z INFO JobDispatcher] Successfully renew job request 3, job is valid till 8/25/2023 2:02:14 PM
[2023-08-25 13:53:14Z INFO JobDispatcher] Successfully renew job request 3, job is valid till 8/25/2023 2:03:14 PM
[2023-08-25 13:54:14Z INFO JobDispatcher] Successfully renew job request 3, job is valid till 8/25/2023 2:04:14 PM
[2023-08-25 13:55:14Z INFO JobDispatcher] Successfully renew job request 3, job is valid till 8/25/2023 2:05:14 PM
[2023-08-25 13:56:14Z INFO JobDispatcher] Successfully renew job request 3, job is valid till 8/25/2023 2:06:14 PM
[2023-08-25 13:57:14Z INFO JobDispatcher] Successfully renew job request 3, job is valid till 8/25/2023 2:07:14 PM
[2023-08-25 13:58:14Z INFO JobDispatcher] Successfully renew job request 3, job is valid till 8/25/2023 2:08:14 PM
[2023-08-25 13:59:14Z INFO JobDispatcher] Successfully renew job request 3, job is valid till 8/25/2023 2:09:14 PM
[2023-08-25 14:00:14Z INFO JobDispatcher] Successfully renew job request 3, job is valid till 8/25/2023 2:10:14 PM
[2023-08-25 14:01:14Z INFO JobDispatcher] Successfully renew job request 3, job is valid till 8/25/2023 2:11:14 PM
[2023-08-25 14:02:14Z INFO JobDispatcher] Successfully renew job request 3, job is valid till 8/25/2023 2:12:14 PM
[2023-08-25 14:03:10Z INFO ProcessInvokerWrapper] STDOUT/STDERR stream read finished.
[2023-08-25 14:03:10Z INFO ProcessInvokerWrapper] STDOUT/STDERR stream read finished.
[2023-08-25 14:03:10Z INFO ProcessInvokerWrapper] Finished process 7612 with exit code 102, and elapsed time 00:11:55.4972376.
[2023-08-25 14:03:10Z INFO JobDispatcher] Worker finished for job ca395085-040a-526b-2ce8-bdc85f692774. Code: 102
[2023-08-25 14:03:10Z INFO JobDispatcher] finish job request for job ca395085-040a-526b-2ce8-bdc85f692774 with result: Failed
[2023-08-25 14:03:10Z INFO Terminal] WRITE LINE: 2023-08-25 14:03:10Z: Job build completed with result: Failed
[2023-08-25 14:03:10Z INFO JobDispatcher] Stop renew job request for job ca395085-040a-526b-2ce8-bdc85f692774.
[2023-08-25 14:03:10Z INFO JobDispatcher] job renew has been cancelled, stop renew job request 3.
[2023-08-25 14:03:10Z INFO JobNotification] Entering JobCompleted Notification
[2023-08-25 14:03:10Z INFO JobNotification] Entering EndMonitor
[2023-08-25 14:15:26Z INFO RSAEncryptedFileKeyManager] Loading RSA key parameters from file C:\Users\bessa-admin\webgoat\actions-runner\.credentials_rsaparams
[2023-08-25 14:15:26Z INFO GitHubActionsService] AAD Correlation ID for this token request: Unknown
[2023-08-25 14:21:16Z INFO MessageListener] No message retrieved from session '74661eb3-742c-4230-b466-96c0a1a0ba7a' within last 30 minutes.
